#
# There is insufficient memory for the Java Runtime Environment to continue.
# Native memory allocation (malloc) failed to allocate 1048576 bytes. Error detail: AllocateHeap
# Possible reasons:
#   The system is out of physical RAM or swap space
#   This process is running with CompressedOops enabled, and the Java Heap may be blocking the growth of the native heap
# Possible solutions:
#   Reduce memory load on the system
#   Increase physical memory or swap space
#   Check if swap backing store is full
#   Decrease Java heap size (-Xmx/-Xms)
#   Decrease number of Java threads
#   Decrease Java thread stack sizes (-Xss)
#   Set larger code cache with -XX:ReservedCodeCacheSize=
#   JVM is running with Unscaled Compressed Oops mode in which the Java heap is
#     placed in the first 4GB address space. The Java Heap base address is the
#     maximum limit for the native heap growth. Please use -XX:HeapBaseMinAddress
#     to set the Java Heap base and to place the Java Heap above 4GB virtual address.
# This output file may be truncated or incomplete.
#
#  Out of Memory Error (allocation.cpp:44), pid=8388, tid=18336
#
# JRE version: OpenJDK Runtime Environment Temurin-21.0.10+7 (21.0.10+7) (build 21.0.10+7-LTS)
# Java VM: OpenJDK 64-Bit Server VM Temurin-21.0.10+7 (21.0.10+7-LTS, mixed mode, sharing, tiered, compressed oops, compressed class ptrs, parallel gc, windows-amd64)
# No core dump will be written. Minidumps are not enabled by default on client versions of Windows
#

---------------  S U M M A R Y ------------

Command Line: --add-modules=ALL-SYSTEM --add-opens=java.base/java.util=ALL-UNNAMED --add-opens=java.base/java.lang=ALL-UNNAMED --add-opens=java.base/sun.nio.fs=ALL-UNNAMED -Declipse.application=org.eclipse.jdt.ls.core.id1 -Dosgi.bundles.defaultStartLevel=4 -Declipse.product=org.eclipse.jdt.ls.core.product -Djava.import.generatesMetadataFilesAtProjectRoot=false -DDetectVMInstallationsJob.disabled=true -Dfile.encoding=utf8 -XX:+UseParallelGC -XX:GCTimeRatio=4 -XX:AdaptiveSizePolicyWeight=90 -Dsun.zip.disableMemoryMapping=true -Xmx2G -Xms100m -Xlog:disable -javaagent:c:\Users\hk249\.vscode\extensions\redhat.java-1.54.0-win32-x64\lombok\lombok-1.18.39-4050.jar -XX:+HeapDumpOnOutOfMemoryError -XX:HeapDumpPath=c:\Users\hk249\AppData\Roaming\Code\User\workspaceStorage\e14f7c431eda090518a448133ad7e20d\redhat.java -Daether.dependencyCollector.impl=bf c:\Users\hk249\.vscode\extensions\redhat.java-1.54.0-win32-x64\server\plugins\org.eclipse.equinox.launcher_1.7.100.v20251111-0406.jar -configuration c:\Users\hk249\AppData\Roaming\Code\User\globalStorage\redhat.java\1.54.0\config_win -data c:\Users\hk249\AppData\Roaming\Code\User\workspaceStorage\e14f7c431eda090518a448133ad7e20d\redhat.java\jdt_ws --pipe=\\.\pipe\lsp-3c72484ecf3660ade226c5c5566fa244-sock

Host: AMD Ryzen 5 5600H with Radeon Graphics         , 12 cores, 15G,  Windows 11 , 64 bit Build 26100 (10.0.26100.8521)
Time: Tue Jun 16 20:54:25 2026 India Standard Time elapsed time: 374.532401 seconds (0d 0h 6m 14s)

---------------  T H R E A D  ---------------

Current thread (0x000001a0bcfcb2d0):  JavaThread "Attach Listener" daemon [_thread_in_vm, id=18336, stack(0x00000090e9500000,0x00000090e9600000) (1024K)]

Stack: [0x00000090e9500000,0x00000090e9600000]
Native frames: (J=compiled Java code, j=interpreted, Vv=VM code, C=native code)
V  [jvm.dll+0x6d7a39]
V  [jvm.dll+0x8b4b26]
V  [jvm.dll+0x8b70de]
V  [jvm.dll+0x8b77c3]
V  [jvm.dll+0x284346]
V  [jvm.dll+0xc1277]
V  [jvm.dll+0x6d82e9]
V  [jvm.dll+0x1334a6]
V  [jvm.dll+0x3f857e]
V  [jvm.dll+0x85f59d]
V  [jvm.dll+0x6d626d]
C  [ucrtbase.dll+0x2cd30]
C  [KERNEL32.DLL+0x2e957]
C  [ntdll.dll+0x87c1c]


---------------  P R O C E S S  ---------------

Threads class SMR info:
_java_thread_list=0x000001a120f0c450, length=44, elements={
0x000001a0bcf20300, 0x000001a0bcfc67a0, 0x000001a0d58ee8e0, 0x000001a0bcfca670,
0x000001a0bcfcb2d0, 0x000001a0bcfd18a0, 0x000001a0bcfd8e00, 0x000001a0bcfdd240,
0x000001a117e02730, 0x000001a117ff5870, 0x000001a11d047f10, 0x000001a11d2e8c50,
0x000001a11d3ab250, 0x000001a11d67c710, 0x000001a11d67d150, 0x000001a11de3f7f0,
0x000001a11dd73bd0, 0x000001a11da6d3b0, 0x000001a11da3e280, 0x000001a11da3d560,
0x000001a11da40350, 0x000001a11da3efa0, 0x000001a11f396690, 0x000001a11f395970,
0x000001a11f3938a0, 0x000001a11f396000, 0x000001a11f3945c0, 0x000001a11f393210,
0x000001a11f3952e0, 0x000001a11f396d20, 0x000001a11f3973b0, 0x000001a11f393f30,
0x000001a11f397a40, 0x000001a11f394c50, 0x000001a11f398df0, 0x000001a11f399480,
0x000001a11f399b10, 0x000001a11f39a1a0, 0x000001a11f76b000, 0x000001a11f7695c0,
0x000001a11f769c50, 0x000001a11f76a2e0, 0x000001a1202cb4c0, 0x000001a1202cbb50
}

Java Threads: ( => current thread )
  0x000001a0bcf20300 JavaThread "main"                              [_thread_blocked, id=20956, stack(0x00000090e8e00000,0x00000090e8f00000) (1024K)]
  0x000001a0bcfc67a0 JavaThread "Reference Handler"          daemon [_thread_blocked, id=18280, stack(0x00000090e9200000,0x00000090e9300000) (1024K)]
  0x000001a0d58ee8e0 JavaThread "Finalizer"                  daemon [_thread_blocked, id=4196, stack(0x00000090e9300000,0x00000090e9400000) (1024K)]
  0x000001a0bcfca670 JavaThread "Signal Dispatcher"          daemon [_thread_blocked, id=15972, stack(0x00000090e9400000,0x00000090e9500000) (1024K)]
=>0x000001a0bcfcb2d0 JavaThread "Attach Listener"            daemon [_thread_in_vm, id=18336, stack(0x00000090e9500000,0x00000090e9600000) (1024K)]
  0x000001a0bcfd18a0 JavaThread "Service Thread"             daemon [_thread_blocked, id=15164, stack(0x00000090e9600000,0x00000090e9700000) (1024K)]
  0x000001a0bcfd8e00 JavaThread "Monitor Deflation Thread"   daemon [_thread_blocked, id=23828, stack(0x00000090e9700000,0x00000090e9800000) (1024K)]
  0x000001a0bcfdd240 JavaThread "C2 CompilerThread0"         daemon [_thread_blocked, id=26400, stack(0x00000090e9800000,0x00000090e9900000) (1024K)]
  0x000001a117e02730 JavaThread "C1 CompilerThread0"         daemon [_thread_blocked, id=26476, stack(0x00000090e9900000,0x00000090e9a00000) (1024K)]
  0x000001a117ff5870 JavaThread "Common-Cleaner"             daemon [_thread_blocked, id=6500, stack(0x00000090e9a00000,0x00000090e9b00000) (1024K)]
  0x000001a11d047f10 JavaThread "Notification Thread"        daemon [_thread_blocked, id=23820, stack(0x00000090e9d00000,0x00000090e9e00000) (1024K)]
  0x000001a11d2e8c50 JavaThread "Active Thread: Equinox Container: c90cd50f-a748-4937-a359-4f9ac4f97d1e"        [_thread_blocked, id=5736, stack(0x00000090ea400000,0x00000090ea500000) (1024K)]
  0x000001a11d3ab250 JavaThread "Refresh Thread: Equinox Container: c90cd50f-a748-4937-a359-4f9ac4f97d1e" daemon [_thread_blocked, id=6324, stack(0x00000090ea600000,0x00000090ea700000) (1024K)]
  0x000001a11d67c710 JavaThread "Framework Event Dispatcher: Equinox Container: c90cd50f-a748-4937-a359-4f9ac4f97d1e" daemon [_thread_blocked, id=10904, stack(0x00000090ea700000,0x00000090ea800000) (1024K)]
  0x000001a11d67d150 JavaThread "Start Level: Equinox Container: c90cd50f-a748-4937-a359-4f9ac4f97d1e" daemon [_thread_blocked, id=25220, stack(0x00000090ea800000,0x00000090ea900000) (1024K)]
  0x000001a11de3f7f0 JavaThread "Bundle File Closer"         daemon [_thread_blocked, id=2032, stack(0x00000090eab00000,0x00000090eac00000) (1024K)]
  0x000001a11dd73bd0 JavaThread "SCR Component Actor"        daemon [_thread_blocked, id=12332, stack(0x00000090e9b00000,0x00000090e9c00000) (1024K)]
  0x000001a11da6d3b0 JavaThread "Worker-JM"                         [_thread_blocked, id=20660, stack(0x00000090ead00000,0x00000090eae00000) (1024K)]
  0x000001a11da3e280 JavaThread "JNA Cleaner"                daemon [_thread_blocked, id=9960, stack(0x00000090e9c00000,0x00000090e9d00000) (1024K)]
  0x000001a11da3d560 JavaThread "Worker-2"                          [_thread_blocked, id=17256, stack(0x00000090eaf00000,0x00000090eb000000) (1024K)]
  0x000001a11da40350 JavaThread "Java indexing"              daemon [_thread_blocked, id=27196, stack(0x00000090eb000000,0x00000090eb100000) (1024K)]
  0x000001a11da3efa0 JavaThread "Worker-3"                          [_thread_blocked, id=14028, stack(0x00000090eb200000,0x00000090eb300000) (1024K)]
  0x000001a11f396690 JavaThread "Thread-1"                   daemon [_thread_in_native, id=12460, stack(0x00000090eb800000,0x00000090eb900000) (1024K)]
  0x000001a11f395970 JavaThread "Thread-2"                   daemon [_thread_in_native, id=22344, stack(0x00000090eb900000,0x00000090eba00000) (1024K)]
  0x000001a11f3938a0 JavaThread "Thread-3"                   daemon [_thread_in_native, id=19688, stack(0x00000090eba00000,0x00000090ebb00000) (1024K)]
  0x000001a11f396000 JavaThread "Thread-4"                   daemon [_thread_in_native, id=11816, stack(0x00000090ebb00000,0x00000090ebc00000) (1024K)]
  0x000001a11f3945c0 JavaThread "Thread-5"                   daemon [_thread_in_native, id=16092, stack(0x00000090ebc00000,0x00000090ebd00000) (1024K)]
  0x000001a11f393210 JavaThread "Thread-6"                   daemon [_thread_in_native, id=11992, stack(0x00000090ebd00000,0x00000090ebe00000) (1024K)]
  0x000001a11f3952e0 JavaThread "Thread-7"                   daemon [_thread_in_native, id=14764, stack(0x00000090ebe00000,0x00000090ebf00000) (1024K)]
  0x000001a11f396d20 JavaThread "Thread-8"                   daemon [_thread_in_native, id=10632, stack(0x00000090ebf00000,0x00000090ec000000) (1024K)]
  0x000001a11f3973b0 JavaThread "Thread-9"                   daemon [_thread_in_native, id=8228, stack(0x00000090ec000000,0x00000090ec100000) (1024K)]
  0x000001a11f393f30 JavaThread "Thread-10"                  daemon [_thread_in_native, id=4788, stack(0x00000090ec100000,0x00000090ec200000) (1024K)]
  0x000001a11f397a40 JavaThread "Thread-11"                  daemon [_thread_in_native, id=14808, stack(0x00000090ec200000,0x00000090ec300000) (1024K)]
  0x000001a11f394c50 JavaThread "Thread-12"                  daemon [_thread_in_native, id=20400, stack(0x00000090ec300000,0x00000090ec400000) (1024K)]
  0x000001a11f398df0 JavaThread "Thread-13"                  daemon [_thread_in_native, id=14300, stack(0x00000090ec400000,0x00000090ec500000) (1024K)]
  0x000001a11f399480 JavaThread "pool-2-thread-1"                   [_thread_blocked, id=10748, stack(0x00000090ec500000,0x00000090ec600000) (1024K)]
  0x000001a11f399b10 JavaThread "WorkspaceEventsHandler"            [_thread_blocked, id=16896, stack(0x00000090ec600000,0x00000090ec700000) (1024K)]
  0x000001a11f39a1a0 JavaThread "pool-1-thread-1"                   [_thread_blocked, id=22356, stack(0x00000090ec700000,0x00000090ec800000) (1024K)]
  0x000001a11f76b000 JavaThread "ForkJoinPool.commonPool-worker-2" daemon [_thread_blocked, id=13452, stack(0x00000090ec900000,0x00000090eca00000) (1024K)]
  0x000001a11f7695c0 JavaThread "ForkJoinPool.commonPool-worker-3" daemon [_thread_blocked, id=26096, stack(0x00000090eca00000,0x00000090ecb00000) (1024K)]
  0x000001a11f769c50 JavaThread "ForkJoinPool.commonPool-worker-4" daemon [_thread_blocked, id=19088, stack(0x00000090ecb00000,0x00000090ecc00000) (1024K)]
  0x000001a11f76a2e0 JavaThread "ForkJoinPool.commonPool-worker-6" daemon [_thread_blocked, id=3076, stack(0x00000090ecd00000,0x00000090ece00000) (1024K)]
  0x000001a1202cb4c0 JavaThread "ForkJoinPool.commonPool-worker-8" daemon [_thread_blocked, id=24368, stack(0x00000090ecf00000,0x00000090ed000000) (1024K)]
  0x000001a1202cbb50 JavaThread "ForkJoinPool.commonPool-worker-11" daemon [_thread_blocked, id=25332, stack(0x00000090ed200000,0x00000090ed300000) (1024K)]
Total: 44

Other Threads:
  0x000001a0d58d4480 VMThread "VM Thread"                           [id=17236, stack(0x00000090e9100000,0x00000090e9200000) (1024K)]
  0x000001a0d57cca00 WatcherThread "VM Periodic Task Thread"        [id=8512, stack(0x00000090e9000000,0x00000090e9100000) (1024K)]
  0x000001a0bcf3eca0 WorkerThread "GC Thread#0"                     [id=19160, stack(0x00000090e8f00000,0x00000090e9000000) (1024K)]
  0x000001a11d399990 WorkerThread "GC Thread#1"                     [id=3864, stack(0x00000090e9e00000,0x00000090e9f00000) (1024K)]
  0x000001a11d4318a0 WorkerThread "GC Thread#2"                     [id=10744, stack(0x00000090e9f00000,0x00000090ea000000) (1024K)]
  0x000001a11d431c50 WorkerThread "GC Thread#3"                     [id=10920, stack(0x00000090ea000000,0x00000090ea100000) (1024K)]
  0x000001a11d432000 WorkerThread "GC Thread#4"                     [id=10688, stack(0x00000090ea100000,0x00000090ea200000) (1024K)]
  0x000001a11d35c0d0 WorkerThread "GC Thread#5"                     [id=24732, stack(0x00000090ea200000,0x00000090ea300000) (1024K)]
  0x000001a11d35c480 WorkerThread "GC Thread#6"                     [id=11956, stack(0x00000090ea300000,0x00000090ea400000) (1024K)]
  0x000001a11d7bd260 WorkerThread "GC Thread#7"                     [id=13636, stack(0x00000090ea500000,0x00000090ea600000) (1024K)]
  0x000001a11dcce050 WorkerThread "GC Thread#8"                     [id=27108, stack(0x00000090ea900000,0x00000090eaa00000) (1024K)]
  0x000001a11dae9670 WorkerThread "GC Thread#9"                     [id=1220, stack(0x00000090eaa00000,0x00000090eab00000) (1024K)]
Total: 12

Threads with active compile tasks:
Total: 0

VM state: not at safepoint (normal execution)

VM Mutex/Monitor currently owned by a thread: None

Heap address: 0x0000000080000000, size: 2048 MB, Compressed Oops mode: 32-bit

CDS archive(s) mapped at: [0x000001a0d6000000-0x000001a0d6ba0000-0x000001a0d6ba0000), size 12189696, SharedBaseAddress: 0x000001a0d6000000, ArchiveRelocationMode: 1.
Compressed class space mapped at: 0x000001a0d7000000-0x000001a117000000, reserved size: 1073741824
Narrow klass base: 0x000001a0d6000000, Narrow klass shift: 0, Narrow klass range: 0x100000000

GC Precious Log:
 CardTable entry size: 512
 CPUs: 12 total, 12 available
 Memory: 15710M
 Large Page Support: Disabled
 NUMA Support: Disabled
 Compressed Oops: Enabled (32-bit)
 Alignments: Space 512K, Generation 512K, Heap 2M
 Heap Min Capacity: 100M
 Heap Initial Capacity: 100M
 Heap Max Capacity: 2G
 Pre-touch: Disabled
 Parallel Workers: 10

Heap:
 PSYoungGen      total 20480K, used 8523K [0x00000000d5580000, 0x00000000d6c00000, 0x0000000100000000)
  eden space 19968K, 40% used [0x00000000d5580000,0x00000000d5d72c28,0x00000000d6900000)
  from space 512K, 75% used [0x00000000d6b80000,0x00000000d6be0000,0x00000000d6c00000)
  to   space 1024K, 0% used [0x00000000d6a00000,0x00000000d6a00000,0x00000000d6b00000)
 ParOldGen       total 78848K, used 64668K [0x0000000080000000, 0x0000000084d00000, 0x00000000d5580000)
  object space 78848K, 82% used [0x0000000080000000,0x0000000083f27338,0x0000000084d00000)
 Metaspace       used 63349K, committed 64960K, reserved 1114112K
  class space    used 6798K, committed 7488K, reserved 1048576K

Card table byte_map: [0x000001a0d0c00000,0x000001a0d1010000] _byte_map_base: 0x000001a0d0800000

Marking Bits: (ParMarkBitMap*) 0x00007ffce1033450
 Begin Bits: [0x000001a0d12c0000, 0x000001a0d32c0000)
 End Bits:   [0x000001a0d32c0000, 0x000001a0d52c0000)

Polling page: 0x000001a0c19f0000

Metaspace:

Usage:
  Non-class:     55.22 MB used.
      Class:      6.64 MB used.
       Both:     61.86 MB used.

Virtual space:
  Non-class space:       64.00 MB reserved,      56.12 MB ( 88%) committed,  1 nodes.
      Class space:        1.00 GB reserved,       7.31 MB ( <1%) committed,  1 nodes.
             Both:        1.06 GB reserved,      63.44 MB (  6%) committed. 

Chunk freelists:
   Non-Class:  6.98 MB
       Class:  8.69 MB
        Both:  15.67 MB

MaxMetaspaceSize: unlimited
CompressedClassSpaceSize: 1.00 GB
Initial GC threshold: 21.00 MB
Current GC threshold: 97.31 MB
CDS: on
 - commit_granule_bytes: 65536.
 - commit_granule_words: 8192.
 - virtual_space_node_default_size: 8388608.
 - enlarge_chunks_in_place: 1.
 - use_allocation_guard: 0.


Internal statistics:

num_allocs_failed_limit: 9.
num_arena_births: 1182.
num_arena_deaths: 16.
num_vsnodes_births: 2.
num_vsnodes_deaths: 0.
num_space_committed: 1015.
num_space_uncommitted: 0.
num_chunks_returned_to_freelist: 25.
num_chunks_taken_from_freelist: 4282.
num_chunk_merges: 15.
num_chunk_splits: 2574.
num_chunks_enlarged: 1336.
num_inconsistent_stats: 0.

CodeHeap 'non-profiled nmethods': size=120000Kb used=6965Kb max_used=6965Kb free=113035Kb
 bounds [0x000001a0c94e0000, 0x000001a0c9bb0000, 0x000001a0d0a10000]
CodeHeap 'profiled nmethods': size=120000Kb used=21387Kb max_used=21387Kb free=98612Kb
 bounds [0x000001a0c1a10000, 0x000001a0c2f00000, 0x000001a0c8f40000]
CodeHeap 'non-nmethods': size=5760Kb used=1432Kb max_used=1500Kb free=4327Kb
 bounds [0x000001a0c8f40000, 0x000001a0c91b0000, 0x000001a0c94e0000]
CodeCache: size=245760Kb, used=29784Kb, max_used=29852Kb, free=215974Kb
 total_blobs=11042, nmethods=10294, adapters=654, full_count=0
Compilation: enabled, stopped_count=0, restarted_count=0

Compilation events (20 events):
Event: 305.559 Thread 0x000001a117e02730 nmethod 11072 0x000001a0c2ef0190 code [0x000001a0c2ef0320, 0x000001a0c2ef0438]
Event: 305.560 Thread 0x000001a117e02730 11073       3       org.eclipse.core.runtime.SubMonitor$RootInfo::worked (11 bytes)
Event: 305.560 Thread 0x000001a117e02730 nmethod 11073 0x000001a0c2ef0510 code [0x000001a0c2ef06c0, 0x000001a0c2ef0898]
Event: 305.564 Thread 0x000001a0bcfdd240 nmethod 11071 0x000001a0c9ba5d10 code [0x000001a0c9ba5f40, 0x000001a0c9ba6638]
Event: 305.564 Thread 0x000001a0bcfdd240 11046       4       java.lang.reflect.Method::invoke (108 bytes)
Event: 305.565 Thread 0x000001a121146260 nmethod 11061 0x000001a0c9ba6e10 code [0x000001a0c9ba7080, 0x000001a0c9ba7a78]
Event: 305.575 Thread 0x000001a1211498e0 nmethod 11065 0x000001a0c9ba8390 code [0x000001a0c9ba8640, 0x000001a0c9ba9888]
Event: 305.579 Thread 0x000001a0bcfdd240 nmethod 11046 0x000001a0c9baa610 code [0x000001a0c9baaa60, 0x000001a0c9babde8]
Event: 305.664 Thread 0x000001a117e02730 11074       1       org.eclipse.jdt.ls.core.internal.preferences.PreferenceManager::getClientPreferences (5 bytes)
Event: 305.664 Thread 0x000001a117e02730 nmethod 11074 0x000001a0c9bad110 code [0x000001a0c9bad2a0, 0x000001a0c9bad368]
Event: 305.664 Thread 0x000001a117e02730 11075       3       com.google.gson.stream.JsonWriter::beginObject (12 bytes)
Event: 305.664 Thread 0x000001a117e02730 nmethod 11075 0x000001a0c2ef0990 code [0x000001a0c2ef0ba0, 0x000001a0c2ef0fa0]
Event: 305.665 Thread 0x000001a117e02730 11076       3       com.google.gson.stream.JsonWriter::endObject (9 bytes)
Event: 305.665 Thread 0x000001a117e02730 nmethod 11076 0x000001a0c2ef1190 code [0x000001a0c2ef1340, 0x000001a0c2ef1490]
Event: 305.665 Thread 0x000001a117e02730 11077       3       com.google.gson.internal.GsonTypes::canonicalize (139 bytes)
Event: 305.666 Thread 0x000001a117e02730 nmethod 11077 0x000001a0c2ef1510 code [0x000001a0c2ef18a0, 0x000001a0c2ef31d0]
Event: 331.132 Thread 0x000001a117e02730 11078       3       java.util.concurrent.Executors$RunnableAdapter::call (14 bytes)
Event: 331.133 Thread 0x000001a117e02730 nmethod 11078 0x000001a0c2ef3710 code [0x000001a0c2ef38c0, 0x000001a0c2ef3aa8]
Event: 361.142 Thread 0x000001a117e02730 11079   !   3       java.util.concurrent.locks.LockSupport::parkNanos (56 bytes)
Event: 361.142 Thread 0x000001a117e02730 nmethod 11079 0x000001a0c2ef3b90 code [0x000001a0c2ef3da0, 0x000001a0c2ef41e0]

GC Heap History (20 events):
Event: 13.866 GC heap before
{Heap before GC invocations=56 (full 2):
 PSYoungGen      total 22528K, used 22528K [0x00000000d5580000, 0x00000000d6f00000, 0x0000000100000000)
  eden space 22016K, 100% used [0x00000000d5580000,0x00000000d6b00000,0x00000000d6b00000)
  from space 512K, 100% used [0x00000000d6d80000,0x00000000d6e00000,0x00000000d6e00000)
  to   space 1024K, 0% used [0x00000000d6e00000,0x00000000d6e00000,0x00000000d6f00000)
 ParOldGen       total 75776K, used 75512K [0x0000000080000000, 0x0000000084a00000, 0x00000000d5580000)
  object space 75776K, 99% used [0x0000000080000000,0x00000000849be110,0x0000000084a00000)
 Metaspace       used 56522K, committed 58048K, reserved 1114112K
  class space    used 6104K, committed 6784K, reserved 1048576K
}
Event: 13.867 GC heap after
{Heap after GC invocations=56 (full 2):
 PSYoungGen      total 23040K, used 797K [0x00000000d5580000, 0x00000000d6f00000, 0x0000000100000000)
  eden space 22016K, 0% used [0x00000000d5580000,0x00000000d5580000,0x00000000d6b00000)
  from space 1024K, 77% used [0x00000000d6e00000,0x00000000d6ec77c0,0x00000000d6f00000)
  to   space 1024K, 0% used [0x00000000d6d00000,0x00000000d6d00000,0x00000000d6e00000)
 ParOldGen       total 76288K, used 75856K [0x0000000080000000, 0x0000000084a80000, 0x00000000d5580000)
  object space 76288K, 99% used [0x0000000080000000,0x0000000084a14110,0x0000000084a80000)
 Metaspace       used 56522K, committed 58048K, reserved 1114112K
  class space    used 6104K, committed 6784K, reserved 1048576K
}
Event: 13.902 GC heap before
{Heap before GC invocations=57 (full 2):
 PSYoungGen      total 23040K, used 22813K [0x00000000d5580000, 0x00000000d6f00000, 0x0000000100000000)
  eden space 22016K, 100% used [0x00000000d5580000,0x00000000d6b00000,0x00000000d6b00000)
  from space 1024K, 77% used [0x00000000d6e00000,0x00000000d6ec77c0,0x00000000d6f00000)
  to   space 1024K, 0% used [0x00000000d6d00000,0x00000000d6d00000,0x00000000d6e00000)
 ParOldGen       total 76288K, used 75856K [0x0000000080000000, 0x0000000084a80000, 0x00000000d5580000)
  object space 76288K, 99% used [0x0000000080000000,0x0000000084a14110,0x0000000084a80000)
 Metaspace       used 56550K, committed 58112K, reserved 1114112K
  class space    used 6104K, committed 6784K, reserved 1048576K
}
Event: 13.903 GC heap after
{Heap after GC invocations=57 (full 2):
 PSYoungGen      total 23040K, used 651K [0x00000000d5580000, 0x00000000d6e80000, 0x0000000100000000)
  eden space 22016K, 0% used [0x00000000d5580000,0x00000000d5580000,0x00000000d6b00000)
  from space 1024K, 63% used [0x00000000d6d00000,0x00000000d6da2d50,0x00000000d6e00000)
  to   space 512K, 0% used [0x00000000d6e00000,0x00000000d6e00000,0x00000000d6e80000)
 ParOldGen       total 76800K, used 76312K [0x0000000080000000, 0x0000000084b00000, 0x00000000d5580000)
  object space 76800K, 99% used [0x0000000080000000,0x0000000084a86110,0x0000000084b00000)
 Metaspace       used 56550K, committed 58112K, reserved 1114112K
  class space    used 6104K, committed 6784K, reserved 1048576K
}
Event: 13.977 GC heap before
{Heap before GC invocations=58 (full 2):
 PSYoungGen      total 23040K, used 22667K [0x00000000d5580000, 0x00000000d6e80000, 0x0000000100000000)
  eden space 22016K, 100% used [0x00000000d5580000,0x00000000d6b00000,0x00000000d6b00000)
  from space 1024K, 63% used [0x00000000d6d00000,0x00000000d6da2d50,0x00000000d6e00000)
  to   space 512K, 0% used [0x00000000d6e00000,0x00000000d6e00000,0x00000000d6e80000)
 ParOldGen       total 76800K, used 76312K [0x0000000080000000, 0x0000000084b00000, 0x00000000d5580000)
  object space 76800K, 99% used [0x0000000080000000,0x0000000084a86110,0x0000000084b00000)
 Metaspace       used 56565K, committed 58112K, reserved 1114112K
  class space    used 6104K, committed 6784K, reserved 1048576K
}
Event: 13.979 GC heap after
{Heap after GC invocations=58 (full 2):
 PSYoungGen      total 22528K, used 498K [0x00000000d5580000, 0x00000000d7000000, 0x0000000100000000)
  eden space 22016K, 0% used [0x00000000d5580000,0x00000000d5580000,0x00000000d6b00000)
  from space 512K, 97% used [0x00000000d6e00000,0x00000000d6e7c858,0x00000000d6e80000)
  to   space 2560K, 0% used [0x00000000d6b00000,0x00000000d6b00000,0x00000000d6d80000)
 ParOldGen       total 77824K, used 77688K [0x0000000080000000, 0x0000000084c00000, 0x00000000d5580000)
  object space 77824K, 99% used [0x0000000080000000,0x0000000084bde110,0x0000000084c00000)
 Metaspace       used 56565K, committed 58112K, reserved 1114112K
  class space    used 6104K, committed 6784K, reserved 1048576K
}
Event: 14.191 GC heap before
{Heap before GC invocations=59 (full 2):
 PSYoungGen      total 22528K, used 22514K [0x00000000d5580000, 0x00000000d7000000, 0x0000000100000000)
  eden space 22016K, 100% used [0x00000000d5580000,0x00000000d6b00000,0x00000000d6b00000)
  from space 512K, 97% used [0x00000000d6e00000,0x00000000d6e7c858,0x00000000d6e80000)
  to   space 2560K, 0% used [0x00000000d6b00000,0x00000000d6b00000,0x00000000d6d80000)
 ParOldGen       total 77824K, used 77688K [0x0000000080000000, 0x0000000084c00000, 0x00000000d5580000)
  object space 77824K, 99% used [0x0000000080000000,0x0000000084bde110,0x0000000084c00000)
 Metaspace       used 57569K, committed 59136K, reserved 1114112K
  class space    used 6229K, committed 6912K, reserved 1048576K
}
Event: 14.193 GC heap after
{Heap after GC invocations=59 (full 2):
 PSYoungGen      total 24576K, used 480K [0x00000000d5580000, 0x00000000d6e80000, 0x0000000100000000)
  eden space 22016K, 0% used [0x00000000d5580000,0x00000000d5580000,0x00000000d6b00000)
  from space 2560K, 18% used [0x00000000d6b00000,0x00000000d6b78000,0x00000000d6d80000)
  to   space 1024K, 0% used [0x00000000d6d80000,0x00000000d6d80000,0x00000000d6e80000)
 ParOldGen       total 78336K, used 78120K [0x0000000080000000, 0x0000000084c80000, 0x00000000d5580000)
  object space 78336K, 99% used [0x0000000080000000,0x0000000084c4a110,0x0000000084c80000)
 Metaspace       used 57569K, committed 59136K, reserved 1114112K
  class space    used 6229K, committed 6912K, reserved 1048576K
}
Event: 14.255 GC heap before
{Heap before GC invocations=60 (full 2):
 PSYoungGen      total 24576K, used 7738K [0x00000000d5580000, 0x00000000d6e80000, 0x0000000100000000)
  eden space 22016K, 32% used [0x00000000d5580000,0x00000000d5c96838,0x00000000d6b00000)
  from space 2560K, 18% used [0x00000000d6b00000,0x00000000d6b78000,0x00000000d6d80000)
  to   space 1024K, 0% used [0x00000000d6d80000,0x00000000d6d80000,0x00000000d6e80000)
 ParOldGen       total 78336K, used 78120K [0x0000000080000000, 0x0000000084c80000, 0x00000000d5580000)
  object space 78336K, 99% used [0x0000000080000000,0x0000000084c4a110,0x0000000084c80000)
 Metaspace       used 58297K, committed 59776K, reserved 1114112K
  class space    used 6315K, committed 6976K, reserved 1048576K
}
Event: 14.257 GC heap after
{Heap after GC invocations=60 (full 2):
 PSYoungGen      total 22528K, used 416K [0x00000000d5580000, 0x00000000d6e00000, 0x0000000100000000)
  eden space 22016K, 0% used [0x00000000d5580000,0x00000000d5580000,0x00000000d6b00000)
  from space 512K, 81% used [0x00000000d6d80000,0x00000000d6de8000,0x00000000d6e00000)
  to   space 1024K, 0% used [0x00000000d6c00000,0x00000000d6c00000,0x00000000d6d00000)
 ParOldGen       total 78848K, used 78464K [0x0000000080000000, 0x0000000084d00000, 0x00000000d5580000)
  object space 78848K, 99% used [0x0000000080000000,0x0000000084ca0110,0x0000000084d00000)
 Metaspace       used 58297K, committed 59776K, reserved 1114112K
  class space    used 6315K, committed 6976K, reserved 1048576K
}
Event: 14.257 GC heap before
{Heap before GC invocations=61 (full 3):
 PSYoungGen      total 22528K, used 416K [0x00000000d5580000, 0x00000000d6e00000, 0x0000000100000000)
  eden space 22016K, 0% used [0x00000000d5580000,0x00000000d5580000,0x00000000d6b00000)
  from space 512K, 81% used [0x00000000d6d80000,0x00000000d6de8000,0x00000000d6e00000)
  to   space 1024K, 0% used [0x00000000d6c00000,0x00000000d6c00000,0x00000000d6d00000)
 ParOldGen       total 78848K, used 78464K [0x0000000080000000, 0x0000000084d00000, 0x00000000d5580000)
  object space 78848K, 99% used [0x0000000080000000,0x0000000084ca0110,0x0000000084d00000)
 Metaspace       used 58297K, committed 59776K, reserved 1114112K
  class space    used 6315K, committed 6976K, reserved 1048576K
}
Event: 14.351 GC heap after
{Heap after GC invocations=61 (full 3):
 PSYoungGen      total 22528K, used 0K [0x00000000d5580000, 0x00000000d6e00000, 0x0000000100000000)
  eden space 22016K, 0% used [0x00000000d5580000,0x00000000d5580000,0x00000000d6b00000)
  from space 512K, 0% used [0x00000000d6d80000,0x00000000d6d80000,0x00000000d6e00000)
  to   space 1024K, 0% used [0x00000000d6c00000,0x00000000d6c00000,0x00000000d6d00000)
 ParOldGen       total 78848K, used 61153K [0x0000000080000000, 0x0000000084d00000, 0x00000000d5580000)
  object space 78848K, 77% used [0x0000000080000000,0x0000000083bb84f8,0x0000000084d00000)
 Metaspace       used 58295K, committed 59776K, reserved 1114112K
  class space    used 6315K, committed 6976K, reserved 1048576K
}
Event: 14.688 GC heap before
{Heap before GC invocations=62 (full 3):
 PSYoungGen      total 22528K, used 22016K [0x00000000d5580000, 0x00000000d6e00000, 0x0000000100000000)
  eden space 22016K, 100% used [0x00000000d5580000,0x00000000d6b00000,0x00000000d6b00000)
  from space 512K, 0% used [0x00000000d6d80000,0x00000000d6d80000,0x00000000d6e00000)
  to   space 1024K, 0% used [0x00000000d6c00000,0x00000000d6c00000,0x00000000d6d00000)
 ParOldGen       total 78848K, used 61153K [0x0000000080000000, 0x0000000084d00000, 0x00000000d5580000)
  object space 78848K, 77% used [0x0000000080000000,0x0000000083bb84f8,0x0000000084d00000)
 Metaspace       used 59894K, committed 61440K, reserved 1114112K
  class space    used 6480K, committed 7168K, reserved 1048576K
}
Event: 14.692 GC heap after
{Heap after GC invocations=62 (full 3):
 PSYoungGen      total 23040K, used 1016K [0x00000000d5580000, 0x00000000d6e00000, 0x0000000100000000)
  eden space 22016K, 0% used [0x00000000d5580000,0x00000000d5580000,0x00000000d6b00000)
  from space 1024K, 99% used [0x00000000d6c00000,0x00000000d6cfe2d0,0x00000000d6d00000)
  to   space 1024K, 0% used [0x00000000d6d00000,0x00000000d6d00000,0x00000000d6e00000)
 ParOldGen       total 78848K, used 61161K [0x0000000080000000, 0x0000000084d00000, 0x00000000d5580000)
  object space 78848K, 77% used [0x0000000080000000,0x0000000083bba4f8,0x0000000084d00000)
 Metaspace       used 59894K, committed 61440K, reserved 1114112K
  class space    used 6480K, committed 7168K, reserved 1048576K
}
Event: 14.982 GC heap before
{Heap before GC invocations=63 (full 3):
 PSYoungGen      total 23040K, used 23032K [0x00000000d5580000, 0x00000000d6e00000, 0x0000000100000000)
  eden space 22016K, 100% used [0x00000000d5580000,0x00000000d6b00000,0x00000000d6b00000)
  from space 1024K, 99% used [0x00000000d6c00000,0x00000000d6cfe2d0,0x00000000d6d00000)
  to   space 1024K, 0% used [0x00000000d6d00000,0x00000000d6d00000,0x00000000d6e00000)
 ParOldGen       total 78848K, used 61161K [0x0000000080000000, 0x0000000084d00000, 0x00000000d5580000)
  object space 78848K, 77% used [0x0000000080000000,0x0000000083bba4f8,0x0000000084d00000)
 Metaspace       used 61118K, committed 62720K, reserved 1114112K
  class space    used 6594K, committed 7296K, reserved 1048576K
}
Event: 14.984 GC heap after
{Heap after GC invocations=63 (full 3):
 PSYoungGen      total 20992K, used 1021K [0x00000000d5580000, 0x00000000d7300000, 0x0000000100000000)
  eden space 19968K, 0% used [0x00000000d5580000,0x00000000d5580000,0x00000000d6900000)
  from space 1024K, 99% used [0x00000000d6d00000,0x00000000d6dff440,0x00000000d6e00000)
  to   space 4096K, 0% used [0x00000000d6900000,0x00000000d6900000,0x00000000d6d00000)
 ParOldGen       total 78848K, used 63425K [0x0000000080000000, 0x0000000084d00000, 0x00000000d5580000)
  object space 78848K, 80% used [0x0000000080000000,0x0000000083df0770,0x0000000084d00000)
 Metaspace       used 61118K, committed 62720K, reserved 1114112K
  class space    used 6594K, committed 7296K, reserved 1048576K
}
Event: 15.052 GC heap before
{Heap before GC invocations=64 (full 3):
 PSYoungGen      total 20992K, used 20989K [0x00000000d5580000, 0x00000000d7300000, 0x0000000100000000)
  eden space 19968K, 100% used [0x00000000d5580000,0x00000000d6900000,0x00000000d6900000)
  from space 1024K, 99% used [0x00000000d6d00000,0x00000000d6dff440,0x00000000d6e00000)
  to   space 4096K, 0% used [0x00000000d6900000,0x00000000d6900000,0x00000000d6d00000)
 ParOldGen       total 78848K, used 63425K [0x0000000080000000, 0x0000000084d00000, 0x00000000d5580000)
  object space 78848K, 80% used [0x0000000080000000,0x0000000083df0770,0x0000000084d00000)
 Metaspace       used 61142K, committed 62720K, reserved 1114112K
  class space    used 6595K, committed 7296K, reserved 1048576K
}
Event: 15.053 GC heap after
{Heap after GC invocations=64 (full 3):
 PSYoungGen      total 20992K, used 708K [0x00000000d5580000, 0x00000000d6d80000, 0x0000000100000000)
  eden space 19968K, 0% used [0x00000000d5580000,0x00000000d5580000,0x00000000d6900000)
  from space 1024K, 69% used [0x00000000d6900000,0x00000000d69b10e8,0x00000000d6a00000)
  to   space 2048K, 0% used [0x00000000d6b80000,0x00000000d6b80000,0x00000000d6d80000)
 ParOldGen       total 78848K, used 64298K [0x0000000080000000, 0x0000000084d00000, 0x00000000d5580000)
  object space 78848K, 81% used [0x0000000080000000,0x0000000083ecabe8,0x0000000084d00000)
 Metaspace       used 61142K, committed 62720K, reserved 1114112K
  class space    used 6595K, committed 7296K, reserved 1048576K
}
Event: 15.214 GC heap before
{Heap before GC invocations=65 (full 3):
 PSYoungGen      total 20992K, used 20676K [0x00000000d5580000, 0x00000000d6d80000, 0x0000000100000000)
  eden space 19968K, 100% used [0x00000000d5580000,0x00000000d6900000,0x00000000d6900000)
  from space 1024K, 69% used [0x00000000d6900000,0x00000000d69b10e8,0x00000000d6a00000)
  to   space 2048K, 0% used [0x00000000d6b80000,0x00000000d6b80000,0x00000000d6d80000)
 ParOldGen       total 78848K, used 64298K [0x0000000080000000, 0x0000000084d00000, 0x00000000d5580000)
  object space 78848K, 81% used [0x0000000080000000,0x0000000083ecabe8,0x0000000084d00000)
 Metaspace       used 62783K, committed 64320K, reserved 1114112K
  class space    used 6745K, committed 7424K, reserved 1048576K
}
Event: 15.215 GC heap after
{Heap after GC invocations=65 (full 3):
 PSYoungGen      total 20480K, used 384K [0x00000000d5580000, 0x00000000d6c00000, 0x0000000100000000)
  eden space 19968K, 0% used [0x00000000d5580000,0x00000000d5580000,0x00000000d6900000)
  from space 512K, 75% used [0x00000000d6b80000,0x00000000d6be0000,0x00000000d6c00000)
  to   space 1024K, 0% used [0x00000000d6a00000,0x00000000d6a00000,0x00000000d6b00000)
 ParOldGen       total 78848K, used 64668K [0x0000000080000000, 0x0000000084d00000, 0x00000000d5580000)
  object space 78848K, 82% used [0x0000000080000000,0x0000000083f27338,0x0000000084d00000)
 Metaspace       used 62783K, committed 64320K, reserved 1114112K
  class space    used 6745K, committed 7424K, reserved 1048576K
}

Dll operation events (10 events):
Event: 0.009 Loaded shared library c:\Users\hk249\.vscode\extensions\redhat.java-1.54.0-win32-x64\jre\21.0.10-win32-x86_64\bin\java.dll
Event: 0.061 Loaded shared library c:\Users\hk249\.vscode\extensions\redhat.java-1.54.0-win32-x64\jre\21.0.10-win32-x86_64\bin\zip.dll
Event: 0.080 Loaded shared library C:\Users\hk249\.vscode\extensions\redhat.java-1.54.0-win32-x64\jre\21.0.10-win32-x86_64\bin\instrument.dll
Event: 0.085 Loaded shared library C:\Users\hk249\.vscode\extensions\redhat.java-1.54.0-win32-x64\jre\21.0.10-win32-x86_64\bin\net.dll
Event: 0.088 Loaded shared library C:\Users\hk249\.vscode\extensions\redhat.java-1.54.0-win32-x64\jre\21.0.10-win32-x86_64\bin\nio.dll
Event: 0.091 Loaded shared library C:\Users\hk249\.vscode\extensions\redhat.java-1.54.0-win32-x64\jre\21.0.10-win32-x86_64\bin\zip.dll
Event: 0.107 Loaded shared library C:\Users\hk249\.vscode\extensions\redhat.java-1.54.0-win32-x64\jre\21.0.10-win32-x86_64\bin\jimage.dll
Event: 0.168 Loaded shared library c:\Users\hk249\.vscode\extensions\redhat.java-1.54.0-win32-x64\jre\21.0.10-win32-x86_64\bin\verify.dll
Event: 1.193 Loaded shared library C:\Users\hk249\AppData\Roaming\Code\User\globalStorage\redhat.java\1.54.0\config_win\org.eclipse.equinox.launcher\org.eclipse.equinox.launcher.win32.win32.x86_64_1.3.0.v20260203-2149\eclipse_11919.dll
Event: 4.620 Loaded shared library C:\Users\hk249\AppData\Local\Temp\jna-99283540\jna10285361725173971302.dll

Deoptimization events (20 events):
Event: 305.553 Thread 0x000001a11da3d560 Uncommon trap: trap_request=0xffffffde fr.pc=0x000001a0c9b94990 relative=0x00000000000002f0
Event: 305.553 Thread 0x000001a11da3d560 Uncommon trap: reason=class_check action=maybe_recompile pc=0x000001a0c9b94990 method=java.io.DataOutputStream.writeByte(I)V @ 5 c2
Event: 305.553 Thread 0x000001a11da3d560 DEOPT PACKING pc=0x000001a0c9b94990 sp=0x00000090eaffec00
Event: 305.553 Thread 0x000001a11da3d560 DEOPT UNPACKING pc=0x000001a0c8f93aa2 sp=0x00000090eaffebb8 mode 2
Event: 305.553 Thread 0x000001a11da3d560 Uncommon trap: trap_request=0xffffffde fr.pc=0x000001a0c9ba23fc relative=0x0000000000000b3c
Event: 305.553 Thread 0x000001a11da3d560 Uncommon trap: reason=class_check action=maybe_recompile pc=0x000001a0c9ba23fc method=java.io.DataOutputStream.write([BII)V @ 7 c2
Event: 305.553 Thread 0x000001a11da3d560 DEOPT PACKING pc=0x000001a0c9ba23fc sp=0x00000090eaffeb30
Event: 305.553 Thread 0x000001a11da3d560 DEOPT UNPACKING pc=0x000001a0c8f93aa2 sp=0x00000090eaffea60 mode 2
Event: 305.553 Thread 0x000001a11da3d560 Uncommon trap: trap_request=0xffffffde fr.pc=0x000001a0c9ba23fc relative=0x0000000000000b3c
Event: 305.553 Thread 0x000001a11da3d560 Uncommon trap: reason=class_check action=maybe_recompile pc=0x000001a0c9ba23fc method=java.io.DataOutputStream.write([BII)V @ 7 c2
Event: 305.553 Thread 0x000001a11da3d560 DEOPT PACKING pc=0x000001a0c9ba23fc sp=0x00000090eaffea80
Event: 305.553 Thread 0x000001a11da3d560 DEOPT UNPACKING pc=0x000001a0c8f93aa2 sp=0x00000090eaffe9b0 mode 2
Event: 305.553 Thread 0x000001a11da3d560 Uncommon trap: trap_request=0xffffffde fr.pc=0x000001a0c9b92274 relative=0x00000000000003b4
Event: 305.553 Thread 0x000001a11da3d560 Uncommon trap: reason=class_check action=maybe_recompile pc=0x000001a0c9b92274 method=java.io.DataOutputStream.writeInt(I)V @ 19 c2
Event: 305.553 Thread 0x000001a11da3d560 DEOPT PACKING pc=0x000001a0c9b92274 sp=0x00000090eaffea00
Event: 305.553 Thread 0x000001a11da3d560 DEOPT UNPACKING pc=0x000001a0c8f93aa2 sp=0x00000090eaffe9a8 mode 2
Event: 305.554 Thread 0x000001a11da3d560 Uncommon trap: trap_request=0xffffffde fr.pc=0x000001a0c9b8fc3c relative=0x000000000000091c
Event: 305.554 Thread 0x000001a11da3d560 Uncommon trap: reason=class_check action=maybe_recompile pc=0x000001a0c9b8fc3c method=java.io.DataOutputStream.write([BII)V @ 7 c2
Event: 305.554 Thread 0x000001a11da3d560 DEOPT PACKING pc=0x000001a0c9b8fc3c sp=0x00000090eaffe930
Event: 305.554 Thread 0x000001a11da3d560 DEOPT UNPACKING pc=0x000001a0c8f93aa2 sp=0x00000090eaffe840 mode 2

Classes loaded (20 events):
Event: 31.061 Loading class sun/nio/cs/Surrogate$Parser
Event: 31.061 Loading class sun/nio/cs/Surrogate$Parser done
Event: 31.062 Loading class sun/nio/cs/Surrogate
Event: 31.062 Loading class sun/nio/cs/Surrogate done
Event: 305.525 Loading class java/util/stream/Nodes$CollectorTask$OfRef
Event: 305.525 Loading class java/util/stream/Nodes$CollectorTask
Event: 305.525 Loading class java/util/stream/Nodes$CollectorTask done
Event: 305.525 Loading class java/util/stream/Nodes$CollectorTask$OfRef done
Event: 305.526 Loading class java/util/function/LongFunction
Event: 305.526 Loading class java/util/function/LongFunction done
Event: 305.526 Loading class java/util/stream/Nodes$ConcNode
Event: 305.526 Loading class java/util/stream/Nodes$AbstractConcNode
Event: 305.526 Loading class java/util/stream/Nodes$AbstractConcNode done
Event: 305.526 Loading class java/util/stream/Nodes$ConcNode done
Event: 305.536 Loading class java/io/ObjectOutputStream$BlockDataOutputStream
Event: 305.536 Loading class java/io/ObjectOutputStream$BlockDataOutputStream done
Event: 305.536 Loading class java/io/ObjectOutputStream$HandleTable
Event: 305.536 Loading class java/io/ObjectOutputStream$HandleTable done
Event: 305.536 Loading class java/io/ObjectOutputStream$ReplaceTable
Event: 305.536 Loading class java/io/ObjectOutputStream$ReplaceTable done

Classes unloaded (8 events):
Event: 5.261 Thread 0x000001a0d58d4480 Unloading class 0x000001a0d71acc00 'java/lang/invoke/LambdaForm$MH+0x000001a0d71acc00'
Event: 5.261 Thread 0x000001a0d58d4480 Unloading class 0x000001a0d71ac800 'java/lang/invoke/LambdaForm$MH+0x000001a0d71ac800'
Event: 5.261 Thread 0x000001a0d58d4480 Unloading class 0x000001a0d71ac400 'java/lang/invoke/LambdaForm$MH+0x000001a0d71ac400'
Event: 5.261 Thread 0x000001a0d58d4480 Unloading class 0x000001a0d71ac000 'java/lang/invoke/LambdaForm$MH+0x000001a0d71ac000'
Event: 5.261 Thread 0x000001a0d58d4480 Unloading class 0x000001a0d71abc00 'java/lang/invoke/LambdaForm$BMH+0x000001a0d71abc00'
Event: 5.261 Thread 0x000001a0d58d4480 Unloading class 0x000001a0d71ab800 'java/lang/invoke/LambdaForm$DMH+0x000001a0d71ab800'
Event: 5.261 Thread 0x000001a0d58d4480 Unloading class 0x000001a0d71aa400 'java/lang/invoke/LambdaForm$DMH+0x000001a0d71aa400'
Event: 14.269 Thread 0x000001a0d58d4480 Unloading class 0x000001a0d75f4800 'java/lang/invoke/LambdaForm$DMH+0x000001a0d75f4800'

Classes redefined (0 events):
No events

Internal exceptions (20 events):
Event: 13.738 Thread 0x000001a11f7688a0 Implicit null exception at 0x000001a0c9a51581 to 0x000001a0c9a51b48
Event: 13.765 Thread 0x000001a11f768210 Exception <a 'sun/nio/fs/WindowsException'{0x00000000d58d3b70}> (0x00000000d58d3b70) 
thrown [s\src\hotspot\share\prims\jni.cpp, line 520]
Event: 13.765 Thread 0x000001a11f768210 Exception <a 'sun/nio/fs/WindowsException'{0x00000000d58d4470}> (0x00000000d58d4470) 
thrown [s\src\hotspot\share\prims\jni.cpp, line 520]
Event: 13.766 Thread 0x000001a11f768210 Exception <a 'sun/nio/fs/WindowsException'{0x00000000d58d5388}> (0x00000000d58d5388) 
thrown [s\src\hotspot\share\prims\jni.cpp, line 520]
Event: 13.766 Thread 0x000001a11f768210 Exception <a 'sun/nio/fs/WindowsException'{0x00000000d58d5c68}> (0x00000000d58d5c68) 
thrown [s\src\hotspot\share\prims\jni.cpp, line 520]
Event: 13.766 Thread 0x000001a11f768210 Exception <a 'sun/nio/fs/WindowsException'{0x00000000d58d7630}> (0x00000000d58d7630) 
thrown [s\src\hotspot\share\prims\jni.cpp, line 520]
Event: 13.766 Thread 0x000001a11f768210 Exception <a 'sun/nio/fs/WindowsException'{0x00000000d58d7f10}> (0x00000000d58d7f10) 
thrown [s\src\hotspot\share\prims\jni.cpp, line 520]
Event: 13.771 Thread 0x000001a11f768210 Exception <a 'sun/nio/fs/WindowsException'{0x00000000d58f3aa8}> (0x00000000d58f3aa8) 
thrown [s\src\hotspot\share\prims\jni.cpp, line 520]
Event: 13.772 Thread 0x000001a11f768210 Exception <a 'sun/nio/fs/WindowsException'{0x00000000d58f4388}> (0x00000000d58f4388) 
thrown [s\src\hotspot\share\prims\jni.cpp, line 520]
Event: 14.030 Thread 0x000001a11f7688a0 Exception <a 'java/lang/NoSuchMethodError'{0x00000000d5e9dea0}: 'java.lang.Object java.lang.invoke.Invokers$Holder.linkToTargetMethod(java.lang.Object, java.lang.Object, java.lang.Object, int, java.lang.Object, java.lang.Object, java.lang.Object)'> (0x00000000d5e9dea0) 
thrown [s\src\hotspot\share\interpreter\linkResolver.cpp, line 773]
Event: 14.098 Thread 0x000001a11da3e910 Exception <a 'sun/nio/fs/WindowsException'{0x00000000d62c9220}> (0x00000000d62c9220) 
thrown [s\src\hotspot\share\prims\jni.cpp, line 520]
Event: 14.098 Thread 0x000001a11da3e910 Exception <a 'sun/nio/fs/WindowsException'{0x00000000d62c9850}> (0x00000000d62c9850) 
thrown [s\src\hotspot\share\prims\jni.cpp, line 520]
Event: 14.199 Thread 0x000001a11da3e910 Exception <a 'java/lang/NoSuchMethodError'{0x00000000d563f360}: 'java.lang.Object java.lang.invoke.DirectMethodHandle$Holder.invokeStatic(java.lang.Object, java.lang.Object, int, java.lang.Object)'> (0x00000000d563f360) 
thrown [s\src\hotspot\share\interpreter\linkResolver.cpp, line 773]
Event: 14.252 Thread 0x000001a11da3e910 Exception <a 'java/io/FileNotFoundException'{0x00000000d5c75728}> (0x00000000d5c75728) 
thrown [s\src\hotspot\share\prims\jni.cpp, line 520]
Event: 14.252 Thread 0x000001a11da3e910 Exception <a 'java/io/FileNotFoundException'{0x00000000d5c766e0}> (0x00000000d5c766e0) 
thrown [s\src\hotspot\share\prims\jni.cpp, line 520]
Event: 14.629 Thread 0x000001a11f7688a0 Exception <a 'java/lang/NoSuchMethodError'{0x00000000d6757e30}: 'int java.lang.invoke.DirectMethodHandle$Holder.invokeSpecialIFC(java.lang.Object, java.lang.Object, java.lang.Object)'> (0x00000000d6757e30) 
thrown [s\src\hotspot\share\interpreter\linkResolver.cpp, line 773]
Event: 14.864 Thread 0x000001a11f7688a0 Exception <a 'java/lang/NoSuchMethodError'{0x00000000d5e160e0}: 'int java.lang.invoke.Invokers$Holder.invokeExact_MT(java.lang.Object, java.lang.Object)'> (0x00000000d5e160e0) 
thrown [s\src\hotspot\share\interpreter\linkResolver.cpp, line 773]
Event: 305.532 Thread 0x000001a11da3d560 Implicit null exception at 0x000001a0c9a4ac86 to 0x000001a0c9a4b014
Event: 305.550 Thread 0x000001a11da3d560 Exception <a 'java/lang/NoSuchMethodError'{0x00000000d5cfec68}: static [J.<clinit>()V> (0x00000000d5cfec68) 
thrown [s\src\hotspot\share\prims\jni.cpp, line 1111]
Event: 305.555 Thread 0x000001a11da3d560 Exception <a 'java/lang/NoSuchMethodError'{0x00000000d5d2cbf8}: 'java.lang.Object java.lang.invoke.DirectMethodHandle$Holder.newInvokeSpecial(java.lang.Object, java.lang.Object, java.lang.Object, java.lang.Object, java.lang.Object, java.lang.Object, java.lang.Object, java.lang.Object)'> (0x00000000d5d2cbf8) 
thrown [s\src\hotspot\share\interpreter\linkResolver.cpp, line 773]

ZGC Phase Switch (0 events):
No events

VM Operations (20 events):
Event: 60.050 Executing non-safepoint VM operation: RendezvousGCThreads
Event: 60.050 Executing non-safepoint VM operation: RendezvousGCThreads done
Event: 120.278 Executing non-safepoint VM operation: HandshakeAllThreads (HandshakeForDeflation)
Event: 120.278 Executing non-safepoint VM operation: HandshakeAllThreads (HandshakeForDeflation) done
Event: 120.278 Executing non-safepoint VM operation: RendezvousGCThreads
Event: 120.278 Executing non-safepoint VM operation: RendezvousGCThreads done
Event: 247.460 Executing safepoint VM operation: Cleanup
Event: 247.460 Executing safepoint VM operation: Cleanup done
Event: 305.553 Executing safepoint VM operation: Cleanup
Event: 305.553 Executing safepoint VM operation: Cleanup done
Event: 306.555 Executing safepoint VM operation: Cleanup
Event: 306.555 Executing safepoint VM operation: Cleanup done
Event: 337.804 Executing safepoint VM operation: Cleanup
Event: 337.804 Executing safepoint VM operation: Cleanup done
Event: 360.880 Executing non-safepoint VM operation: HandshakeAllThreads (HandshakeForDeflation)
Event: 360.880 Executing non-safepoint VM operation: HandshakeAllThreads (HandshakeForDeflation) done
Event: 360.880 Executing non-safepoint VM operation: RendezvousGCThreads
Event: 360.880 Executing non-safepoint VM operation: RendezvousGCThreads done
Event: 361.890 Executing safepoint VM operation: Cleanup
Event: 361.890 Executing safepoint VM operation: Cleanup done

Memory protections (0 events):
No events

Nmethod flushes (20 events):
Event: 14.293 Thread 0x000001a0d58d4480 flushing  nmethod 0x000001a0c22c9810
Event: 14.293 Thread 0x000001a0d58d4480 flushing  nmethod 0x000001a0c22cbe90
Event: 14.293 Thread 0x000001a0d58d4480 flushing  nmethod 0x000001a0c22ce190
Event: 14.293 Thread 0x000001a0d58d4480 flushing  nmethod 0x000001a0c22d4b10
Event: 14.293 Thread 0x000001a0d58d4480 flushing  nmethod 0x000001a0c22f7710
Event: 14.293 Thread 0x000001a0d58d4480 flushing osr nmethod 0x000001a0c2303110
Event: 14.293 Thread 0x000001a0d58d4480 flushing osr nmethod 0x000001a0c2304210
Event: 14.293 Thread 0x000001a0d58d4480 flushing  nmethod 0x000001a0c230f310
Event: 14.293 Thread 0x000001a0d58d4480 flushing  nmethod 0x000001a0c231f290
Event: 14.293 Thread 0x000001a0d58d4480 flushing  nmethod 0x000001a0c231f990
Event: 14.293 Thread 0x000001a0d58d4480 flushing  nmethod 0x000001a0c231ff90
Event: 14.293 Thread 0x000001a0d58d4480 flushing  nmethod 0x000001a0c2320810
Event: 14.293 Thread 0x000001a0d58d4480 flushing  nmethod 0x000001a0c2320b90
Event: 14.293 Thread 0x000001a0d58d4480 flushing  nmethod 0x000001a0c2322310
Event: 14.293 Thread 0x000001a0d58d4480 flushing  nmethod 0x000001a0c232ee10
Event: 14.293 Thread 0x000001a0d58d4480 flushing  nmethod 0x000001a0c234d490
Event: 14.293 Thread 0x000001a0d58d4480 flushing  nmethod 0x000001a0c2350e90
Event: 14.293 Thread 0x000001a0d58d4480 flushing  nmethod 0x000001a0c2363c90
Event: 14.293 Thread 0x000001a0d58d4480 flushing  nmethod 0x000001a0c2364c90
Event: 14.293 Thread 0x000001a0d58d4480 flushing  nmethod 0x000001a0c2386310

Events (20 events):
Event: 31.032 Thread 0x000001a117e02730 Thread added: 0x000001a11e14c730
Event: 36.095 Thread 0x000001a11e32a080 Thread exited: 0x000001a11e32a080
Event: 36.095 Thread 0x000001a11e14c730 Thread exited: 0x000001a11e14c730
Event: 75.039 Thread 0x000001a11da3e910 Thread exited: 0x000001a11da3e910
Event: 75.039 Thread 0x000001a11da3f630 Thread exited: 0x000001a11da3f630
Event: 75.148 Thread 0x000001a11da3fcc0 Thread exited: 0x000001a11da3fcc0
Event: 75.148 Thread 0x000001a11da3ced0 Thread exited: 0x000001a11da3ced0
Event: 75.256 Thread 0x000001a11f7688a0 Thread exited: 0x000001a11f7688a0
Event: 135.271 Thread 0x000001a1202cc870 Thread exited: 0x000001a1202cc870
Event: 195.283 Thread 0x000001a11f768210 Thread exited: 0x000001a11f768210
Event: 255.295 Thread 0x000001a1202ccf00 Thread exited: 0x000001a1202ccf00
Event: 305.524 Thread 0x000001a11da3d560 Thread added: 0x000001a1202cc870
Event: 305.526 Thread 0x000001a1202cc870 Thread exited: 0x000001a1202cc870
Event: 305.533 Thread 0x000001a11da3d560 Thread added: 0x000001a1202cc870
Event: 305.534 Thread 0x000001a1202cc870 Thread exited: 0x000001a1202cc870
Event: 305.548 Thread 0x000001a117e02730 Thread added: 0x000001a1211498e0
Event: 305.548 Thread 0x000001a117e02730 Thread added: 0x000001a121146260
Event: 305.665 Thread 0x000001a121146260 Thread exited: 0x000001a121146260
Event: 310.676 Thread 0x000001a1211498e0 Thread exited: 0x000001a1211498e0
Event: 315.303 Thread 0x000001a1202ce2b0 Thread exited: 0x000001a1202ce2b0


Dynamic libraries:
0x00007ff632830000 - 0x00007ff63283e000 	c:\Users\hk249\.vscode\extensions\redhat.java-1.54.0-win32-x64\jre\21.0.10-win32-x86_64\bin\java.exe
0x00007ffdd3420000 - 0x00007ffdd3686000 	C:\WINDOWS\SYSTEM32\ntdll.dll
0x00007ffdd2600000 - 0x00007ffdd26c9000 	C:\WINDOWS\System32\KERNEL32.DLL
0x00007ffdd0820000 - 0x00007ffdd0c1a000 	C:\WINDOWS\System32\KERNELBASE.dll
0x00007ffdd0c20000 - 0x00007ffdd0d6c000 	C:\WINDOWS\System32\ucrtbase.dll
0x00007ffdc75d0000 - 0x00007ffdc75e8000 	c:\Users\hk249\.vscode\extensions\redhat.java-1.54.0-win32-x64\jre\21.0.10-win32-x86_64\bin\jli.dll
0x00007ffdc2df0000 - 0x00007ffdc2e0e000 	c:\Users\hk249\.vscode\extensions\redhat.java-1.54.0-win32-x64\jre\21.0.10-win32-x86_64\bin\VCRUNTIME140.dll
0x00007ffdd2f40000 - 0x00007ffdd3107000 	C:\WINDOWS\System32\USER32.dll
0x00007ffdb1740000 - 0x00007ffdb19d2000 	C:\WINDOWS\WinSxS\amd64_microsoft.windows.common-controls_6595b64144ccf1df_6.0.26100.8521_none_3e08b75ce33403b3\COMCTL32.dll
0x00007ffdd32a0000 - 0x00007ffdd3349000 	C:\WINDOWS\System32\msvcrt.dll
0x00007ffdd0d70000 - 0x00007ffdd0d97000 	C:\WINDOWS\System32\win32u.dll
0x00007ffdd1ea0000 - 0x00007ffdd1ecb000 	C:\WINDOWS\System32\GDI32.dll
0x00007ffdd0da0000 - 0x00007ffdd0ecb000 	C:\WINDOWS\System32\gdi32full.dll
0x00007ffdd0f60000 - 0x00007ffdd1003000 	C:\WINDOWS\System32\msvcp_win.dll
0x00007ffdd3110000 - 0x00007ffdd3142000 	C:\WINDOWS\System32\IMM32.DLL
0x00007ffdcb430000 - 0x00007ffdcb43c000 	c:\Users\hk249\.vscode\extensions\redhat.java-1.54.0-win32-x64\jre\21.0.10-win32-x86_64\bin\vcruntime140_1.dll
0x00007ffd66920000 - 0x00007ffd669ad000 	c:\Users\hk249\.vscode\extensions\redhat.java-1.54.0-win32-x64\jre\21.0.10-win32-x86_64\bin\msvcp140.dll
0x00007ffce0370000 - 0x00007ffce1111000 	c:\Users\hk249\.vscode\extensions\redhat.java-1.54.0-win32-x64\jre\21.0.10-win32-x86_64\bin\server\jvm.dll
0x00007ffdd1950000 - 0x00007ffdd1a06000 	C:\WINDOWS\System32\ADVAPI32.dll
0x00007ffdd26d0000 - 0x00007ffdd277a000 	C:\WINDOWS\System32\sechost.dll
0x00007ffdd2400000 - 0x00007ffdd2518000 	C:\WINDOWS\System32\RPCRT4.dll
0x00007ffdd3350000 - 0x00007ffdd33d0000 	C:\WINDOWS\System32\WS2_32.dll
0x00007ffdd0510000 - 0x00007ffdd056e000 	C:\WINDOWS\SYSTEM32\POWRPROF.dll
0x00007ffdc9d70000 - 0x00007ffdc9da6000 	C:\WINDOWS\SYSTEM32\WINMM.dll
0x00007ffdc9db0000 - 0x00007ffdc9dbb000 	C:\WINDOWS\SYSTEM32\VERSION.dll
0x00007ffdd04f0000 - 0x00007ffdd0504000 	C:\WINDOWS\SYSTEM32\UMPDC.dll
0x00007ffdcf440000 - 0x00007ffdcf45b000 	C:\WINDOWS\SYSTEM32\kernel.appcore.dll
0x00007ffdc75c0000 - 0x00007ffdc75ca000 	c:\Users\hk249\.vscode\extensions\redhat.java-1.54.0-win32-x64\jre\21.0.10-win32-x86_64\bin\jimage.dll
0x00007ffdc3bd0000 - 0x00007ffdc3e12000 	C:\WINDOWS\SYSTEM32\DBGHELP.DLL
0x00007ffdd1ed0000 - 0x00007ffdd2253000 	C:\WINDOWS\System32\combase.dll
0x00007ffdd2520000 - 0x00007ffdd25f9000 	C:\WINDOWS\System32\OLEAUT32.dll
0x00007ffdb1a80000 - 0x00007ffdb1abb000 	C:\WINDOWS\SYSTEM32\dbgcore.DLL
0x00007ffdd0770000 - 0x00007ffdd0818000 	C:\WINDOWS\System32\bcryptPrimitives.dll
0x00007ffdc2de0000 - 0x00007ffdc2def000 	c:\Users\hk249\.vscode\extensions\redhat.java-1.54.0-win32-x64\jre\21.0.10-win32-x86_64\bin\instrument.dll
0x00007ffdc23c0000 - 0x00007ffdc23e0000 	c:\Users\hk249\.vscode\extensions\redhat.java-1.54.0-win32-x64\jre\21.0.10-win32-x86_64\bin\java.dll
0x00007ffdd1190000 - 0x00007ffdd1914000 	C:\WINDOWS\System32\SHELL32.dll
0x00007ffdce240000 - 0x00007ffdceac0000 	C:\WINDOWS\SYSTEM32\windows.storage.dll
0x00007ffdd22d0000 - 0x00007ffdd23c6000 	C:\WINDOWS\System32\SHCORE.dll
0x00007ffdd2260000 - 0x00007ffdd22c7000 	C:\WINDOWS\System32\shlwapi.dll
0x00007ffdd05d0000 - 0x00007ffdd05f9000 	C:\WINDOWS\SYSTEM32\profapi.dll
0x00007ffdc1f10000 - 0x00007ffdc1f28000 	c:\Users\hk249\.vscode\extensions\redhat.java-1.54.0-win32-x64\jre\21.0.10-win32-x86_64\bin\zip.dll
0x00007ffdc2190000 - 0x00007ffdc21a0000 	C:\Users\hk249\.vscode\extensions\redhat.java-1.54.0-win32-x64\jre\21.0.10-win32-x86_64\bin\net.dll
0x00007ffdc6bf0000 - 0x00007ffdc6d19000 	C:\WINDOWS\SYSTEM32\WINHTTP.dll
0x00007ffdcf9b0000 - 0x00007ffdcfa1c000 	C:\WINDOWS\system32\mswsock.dll
0x00007ffdaa9d0000 - 0x00007ffdaa9e6000 	C:\Users\hk249\.vscode\extensions\redhat.java-1.54.0-win32-x64\jre\21.0.10-win32-x86_64\bin\nio.dll
0x00007ffdc1f00000 - 0x00007ffdc1f10000 	c:\Users\hk249\.vscode\extensions\redhat.java-1.54.0-win32-x64\jre\21.0.10-win32-x86_64\bin\verify.dll
0x00007ffd93ff0000 - 0x00007ffd94035000 	C:\Users\hk249\AppData\Roaming\Code\User\globalStorage\redhat.java\1.54.0\config_win\org.eclipse.equinox.launcher\org.eclipse.equinox.launcher.win32.win32.x86_64_1.3.0.v20260203-2149\eclipse_11919.dll
0x00007ffdd2c10000 - 0x00007ffdd2da8000 	C:\WINDOWS\System32\ole32.dll
0x00007ffdcfc90000 - 0x00007ffdcfcab000 	C:\WINDOWS\SYSTEM32\CRYPTSP.dll
0x00007ffdcf3a0000 - 0x00007ffdcf3d9000 	C:\WINDOWS\system32\rsaenh.dll
0x00007ffdcfa60000 - 0x00007ffdcfa93000 	C:\WINDOWS\SYSTEM32\USERENV.dll
0x00007ffdd05a0000 - 0x00007ffdd05ca000 	C:\WINDOWS\SYSTEM32\bcrypt.dll
0x00007ffdcfcb0000 - 0x00007ffdcfcbc000 	C:\WINDOWS\SYSTEM32\CRYPTBASE.dll
0x00007ffdcee50000 - 0x00007ffdcee83000 	C:\WINDOWS\SYSTEM32\IPHLPAPI.DLL
0x00007ffdd3150000 - 0x00007ffdd315a000 	C:\WINDOWS\System32\NSI.dll
0x00007ffdc2250000 - 0x00007ffdc2299000 	C:\Users\hk249\AppData\Local\Temp\jna-99283540\jna10285361725173971302.dll
0x00007ffdd3290000 - 0x00007ffdd3298000 	C:\WINDOWS\System32\PSAPI.DLL
0x00007ffdc7940000 - 0x00007ffdc795d000 	C:\WINDOWS\SYSTEM32\dhcpcsvc6.DLL
0x00007ffdc74f0000 - 0x00007ffdc7515000 	C:\WINDOWS\SYSTEM32\dhcpcsvc.DLL

JVMTI agents:
c:\Users\hk249\.vscode\extensions\redhat.java-1.54.0-win32-x64\lombok\lombok-1.18.39-4050.jar path:c:\Users\hk249\.vscode\extensions\redhat.java-1.54.0-win32-x64\jre\21.0.10-win32-x86_64\bin\instrument.dll, loaded, initialized, instrumentlib options:none

dbghelp: loaded successfully - version: 4.0.5 - missing functions: none
symbol engine: initialized successfully - sym options: 0x614 - pdb path: .;c:\Users\hk249\.vscode\extensions\redhat.java-1.54.0-win32-x64\jre\21.0.10-win32-x86_64\bin;C:\WINDOWS\SYSTEM32;C:\WINDOWS\WinSxS\amd64_microsoft.windows.common-controls_6595b64144ccf1df_6.0.26100.8521_none_3e08b75ce33403b3;c:\Users\hk249\.vscode\extensions\redhat.java-1.54.0-win32-x64\jre\21.0.10-win32-x86_64\bin\server;C:\Users\hk249\AppData\Roaming\Code\User\globalStorage\redhat.java\1.54.0\config_win\org.eclipse.equinox.launcher\org.eclipse.equinox.launcher.win32.win32.x86_64_1.3.0.v20260203-2149;C:\Users\hk249\AppData\Local\Temp\jna-99283540

VM Arguments:
jvm_args: --add-modules=ALL-SYSTEM --add-opens=java.base/java.util=ALL-UNNAMED --add-opens=java.base/java.lang=ALL-UNNAMED --add-opens=java.base/sun.nio.fs=ALL-UNNAMED -Declipse.application=org.eclipse.jdt.ls.core.id1 -Dosgi.bundles.defaultStartLevel=4 -Declipse.product=org.eclipse.jdt.ls.core.product -Djava.import.generatesMetadataFilesAtProjectRoot=false -DDetectVMInstallationsJob.disabled=true -Dfile.encoding=utf8 -XX:+UseParallelGC -XX:GCTimeRatio=4 -XX:AdaptiveSizePolicyWeight=90 -Dsun.zip.disableMemoryMapping=true -Xmx2G -Xms100m -Xlog:disable -javaagent:c:\Users\hk249\.vscode\extensions\redhat.java-1.54.0-win32-x64\lombok\lombok-1.18.39-4050.jar -XX:+HeapDumpOnOutOfMemoryError -XX:HeapDumpPath=c:\Users\hk249\AppData\Roaming\Code\User\workspaceStorage\e14f7c431eda090518a448133ad7e20d\redhat.java -Daether.dependencyCollector.impl=bf 
java_command: c:\Users\hk249\.vscode\extensions\redhat.java-1.54.0-win32-x64\server\plugins\org.eclipse.equinox.launcher_1.7.100.v20251111-0406.jar -configuration c:\Users\hk249\AppData\Roaming\Code\User\globalStorage\redhat.java\1.54.0\config_win -data c:\Users\hk249\AppData\Roaming\Code\User\workspaceStorage\e14f7c431eda090518a448133ad7e20d\redhat.java\jdt_ws --pipe=\\.\pipe\lsp-3c72484ecf3660ade226c5c5566fa244-sock
java_class_path (initial): c:\Users\hk249\.vscode\extensions\redhat.java-1.54.0-win32-x64\server\plugins\org.eclipse.equinox.launcher_1.7.100.v20251111-0406.jar
Launcher Type: SUN_STANDARD

[Global flags]
    uintx AdaptiveSizePolicyWeight                 = 90                                        {product} {command line}
     intx CICompilerCount                          = 4                                         {product} {ergonomic}
    uintx GCTimeRatio                              = 4                                         {product} {command line}
     bool HeapDumpOnOutOfMemoryError               = true                                   {manageable} {command line}
    ccstr HeapDumpPath                             = c:\Users\hk249\AppData\Roaming\Code\User\workspaceStorage\e14f7c431eda090518a448133ad7e20d\redhat.java         {manageable} {command line}
   size_t InitialHeapSize                          = 104857600                                 {product} {command line}
   size_t MaxHeapSize                              = 2147483648                                {product} {command line}
   size_t MaxNewSize                               = 715653120                                 {product} {ergonomic}
   size_t MinHeapDeltaBytes                        = 524288                                    {product} {ergonomic}
   size_t MinHeapSize                              = 104857600                                 {product} {command line}
   size_t NewSize                                  = 34603008                                  {product} {ergonomic}
    uintx NonNMethodCodeHeapSize                   = 5839372                                {pd product} {ergonomic}
    uintx NonProfiledCodeHeapSize                  = 122909434                              {pd product} {ergonomic}
   size_t OldSize                                  = 70254592                                  {product} {ergonomic}
    uintx ProfiledCodeHeapSize                     = 122909434                              {pd product} {ergonomic}
    uintx ReservedCodeCacheSize                    = 251658240                              {pd product} {ergonomic}
     bool SegmentedCodeCache                       = true                                      {product} {ergonomic}
   size_t SoftMaxHeapSize                          = 2147483648                             {manageable} {ergonomic}
     bool UseCompressedOops                        = true                           {product lp64_product} {ergonomic}
     bool UseLargePagesIndividualAllocation        = false                                  {pd product} {ergonomic}
     bool UseParallelGC                            = true                                      {product} {command line}

Logging:
Log output configuration:
 #0: stdout all=off uptime,level,tags foldmultilines=false
 #1: stderr all=off uptime,level,tags foldmultilines=false

Release file:
JAVA_VERSION="21.0.10" 
MODULES="java.base java.compiler java.datatransfer java.xml java.prefs java.desktop java.instrument java.logging java.management java.security.sasl java.naming java.rmi java.management.rmi java.net.http java.scripting java.security.jgss java.transaction.xa java.sql java.sql.rowset java.xml.crypto java.se java.smartcardio jdk.accessibility jdk.internal.jvmstat jdk.attach jdk.charsets jdk.internal.opt jdk.zipfs jdk.compiler jdk.crypto.ec jdk.crypto.cryptoki jdk.crypto.mscapi jdk.dynalink jdk.internal.ed jdk.editpad jdk.hotspot.agent jdk.httpserver jdk.internal.le jdk.internal.vm.ci jdk.internal.vm.compiler jdk.internal.vm.compiler.management jdk.jartool jdk.javadoc jdk.jcmd jdk.management jdk.management.agent jdk.jconsole jdk.jdeps jdk.jdwp.agent jdk.jdi jdk.jfr jdk.jshell jdk.jsobject jdk.jstatd jdk.localedata jdk.management.jfr jdk.naming.dns jdk.naming.rmi jdk.net jdk.nio.mapmode jdk.random jdk.sctp jdk.security.auth jdk.security.jgss jdk.unsupported jdk.unsupported.desktop jdk.xml.dom" 

Environment Variables:
PATH=C:\Program Files\Common Files\Oracle\Java\javapath;C:\Program Files (x86)\Common Files\Oracle\Java\java8path;C:\Program Files (x86)\Common Files\Oracle\Java\javapath;C:\windows\system32;C:\windows;C:\windows\System32\Wbem;C:\windows\System32\WindowsPowerShell\v1.0\;C:\windows\System32\OpenSSH\;C:\MinGW\bin;C:\WINDOWS\system32;C:\WINDOWS;C:\WINDOWS\System32\Wbem;C:\WINDOWS\System32\WindowsPowerShell\v1.0\;C:\WINDOWS\System32\OpenSSH\;C:\ProgramData\chocolatey\bin;C:\Program Files\Git\cmd;C:\Program Files\Git\mingw64\bin;C:\Program Files\Git\usr\bin;C:\Program Files\nodejs\;C:\Program Files\Java\jdk-23\bin;C:\Program Files\NetBeans-25;C:\Program Files\apache-maven-3.9.11-bin.zip\apache-maven-3.9.11;C:\Program Files\Java;C:\Program Files\Java\jdk-17;E:\apache-maven-3.9.11-bin\apache-maven-3.9.11\bin;C:\Program Files\Java\jdk-23\bin;D:\apache-maven-3.9.12\bin;D:\hk249\hk249\OneDrive\Desktop\Code.exe;C:\Program Files\MongoDB\Server\8.0\bin;C:\Users\hk249\OneDrive\Desktop\MongoDBCompass.lnk;C:\Program Files\MongoDB\Server\8.2\bin;D:\flutter\flutter\bin;C:\Users\hk249\AppData\Roaming\Python\Python313\Scripts;C:\Program Files\Java\jdk-21\bin;D:\Program Files\mysql-connector-java-8.0.24.jar;d:\cursor\resources\app\codeBin;C:\Users\hk249\.cargo\bin;C:\Users\hk249\AppData\Local\Programs\Python\Python313\Scripts\;C:\Users\hk249\AppData\Local\Programs\Python\Python313\;C:\Program Files\Java\jdk-23\bin;C:\Program Files\nodejs;C:\Users\hk249\AppData\Local\Programs\Microsoft VS Code\bin;C:\Users\hk249\AppData\Roaming\npm;C:\Users\hk249\AppData\Local\GitHubDesktop\bin;C:\Users\hk249\AppData\Local\Programs\mongosh\;C:\Users\hk249\AppData\Local\Programs\Microsoft VS Code Insiders\bin;C:\Users\hk249\AppData\Local\Programs\Antigravity\bin
USERNAME=hk249
OS=Windows_NT
PROCESSOR_IDENTIFIER=AMD64 Family 25 Model 80 Stepping 0, AuthenticAMD
TMP=C:\Users\hk249\AppData\Local\Temp
TEMP=C:\Users\hk249\AppData\Local\Temp




Periodic native trim disabled

---------------  S Y S T E M  ---------------

OS:
 Windows 11 , 64 bit Build 26100 (10.0.26100.8521)
OS uptime: 0 days 9:42 hours
Hyper-V role detected

CPU: total 12 (initial active 12) (12 cores per cpu, 2 threads per core) family 25 model 80 stepping 0 microcode 0xa50000f, cx8, cmov, fxsr, ht, mmx, 3dnowpref, sse, sse2, sse3, ssse3, sse4a, sse4.1, sse4.2, popcnt, lzcnt, tsc, tscinvbit, avx, avx2, aes, erms, clmul, bmi1, bmi2, adx, sha, fma, vzeroupper, clflush, clflushopt, hv, rdtscp, rdpid, fsrm, f16c, cet_ss
Processor Information for processor 0
  Max Mhz: 3301, Current Mhz: 3301, Mhz Limit: 3301
Processor Information for processor 1
  Max Mhz: 3301, Current Mhz: 3301, Mhz Limit: 3301
Processor Information for processor 2
  Max Mhz: 3301, Current Mhz: 3301, Mhz Limit: 3301
Processor Information for processor 3
  Max Mhz: 3301, Current Mhz: 2630, Mhz Limit: 3301
Processor Information for processor 4
  Max Mhz: 3301, Current Mhz: 3301, Mhz Limit: 3301
Processor Information for processor 5
  Max Mhz: 3301, Current Mhz: 3301, Mhz Limit: 3301
Processor Information for processor 6
  Max Mhz: 3301, Current Mhz: 3301, Mhz Limit: 3301
Processor Information for processor 7
  Max Mhz: 3301, Current Mhz: 3301, Mhz Limit: 3301
Processor Information for processor 8
  Max Mhz: 3301, Current Mhz: 3301, Mhz Limit: 3301
Processor Information for processor 9
  Max Mhz: 3301, Current Mhz: 3301, Mhz Limit: 3301
Processor Information for processor 10
  Max Mhz: 3301, Current Mhz: 3301, Mhz Limit: 3301
Processor Information for processor 11
  Max Mhz: 3301, Current Mhz: 3301, Mhz Limit: 3301

Memory: 4k page, system-wide physical 15710M (1957M free)
TotalPageFile size 28902M (AvailPageFile size 159M)
current process WorkingSet (physical memory assigned to process): 281M, peak: 324M
current process commit charge ("private bytes"): 355M, peak: 400M

vm_info: OpenJDK 64-Bit Server VM (21.0.10+7-LTS) for windows-amd64 JRE (21.0.10+7-LTS), built on 2026-01-20T00:00:00Z by "admin" with MS VC++ 17.12 (VS2022)

END.
